Build started 11/03/2015 18:51:17.
     1>Project "U:\Anim_Sim\BadgerBanging\BadgerBanging\BadgerBanging.vcxproj" on node 2 (Build target(s)).
     1>ClCompile:
         C:\Program Files (x86)\Microsoft Visual Studio 12.0\VC\bin\CL.exe /c /I../external/include /ZI /nologo /W3 /WX- /Od /Oy- /D _USE_MATH_DEFINES /D WIN32 /D _DEBUG /D _CONSOLE /D _MBCS /Gm /EHsc /RTC1 /MTd /GS /fp:precise /Zc:wchar_t /Zc:forScope /Fo"Debug\\" /Fd"Debug\vc120.pdb" /Gd /TP /analyze- /errorReport:prompt ToyMine.cpp
         ToyMine.cpp
       Link:
         C:\Program Files (x86)\Microsoft Visual Studio 12.0\VC\bin\link.exe /ERRORREPORT:PROMPT /OUT:"U:\Anim_Sim\BadgerBanging\Debug\BadgerBanging.exe" /INCREMENTAL /NOLOGO /LIBPATH:..\external\lib\Win32\v120\Debug\ opengl32.lib "toybadger-mt-sgd.lib" glfw.lib libpng.lib zlib.lib "tsl-vc120-mt-sg.lib" "tcf-vc120-mt-sg.lib" "tyga-vc120-mt-sg.lib" kernel32.lib user32.lib gdi32.lib winspool.lib comdlg32.lib advapi32.lib shell32.lib ole32.lib oleaut32.lib uuid.lib odbc32.lib odbccp32.lib /MANIFEST /MANIFESTUAC:"level='asInvoker' uiAccess='false'" /manifest:embed /DEBUG /PDB:"U:\Anim_Sim\BadgerBanging\Debug\BadgerBanging.pdb" /SUBSYSTEM:CONSOLE /TLBID:1 /DYNAMICBASE /NXCOMPAT /IMPLIB:"U:\Anim_Sim\BadgerBanging\Debug\BadgerBanging.lib" /MACHINE:X86 Debug\Camera.obj
         Debug\main.obj
         Debug\MyDemo.obj
         Debug\MyPhysicsCentre.obj
         Debug\MyUtils.obj
         Debug\MyParticleSystem.obj
         Debug\ToyMine.obj
         BadgerBanging.vcxproj -> U:\Anim_Sim\BadgerBanging\Debug\BadgerBanging.exe
       PostBuildEvent:
         copy "U:\Anim_Sim\BadgerBanging\Debug\BadgerBanging.exe" "U:\Anim_Sim\BadgerBanging\demo\BadgerBanging.exe"
         :VCEnd
                 1 file(s) copied.
     1>Done Building Project "U:\Anim_Sim\BadgerBanging\BadgerBanging\BadgerBanging.vcxproj" (Build target(s)).

Build succeeded.

Time Elapsed 00:00:15.90
