Build started 11/03/2015 18:57:05.
     1>Project "U:\Anim_Sim\BadgerBanging\BadgerBanging\BadgerBanging.vcxproj" on node 2 (Build target(s)).
     1>ClCompile:
         C:\Program Files (x86)\Microsoft Visual Studio 12.0\VC\bin\CL.exe /c /I../external/include /Zi /nologo /W3 /WX- /O2 /Oi /Oy- /GL /D _USE_MATH_DEFINES /D WIN32 /D NDEBUG /D _CONSOLE /D _MBCS /Gm- /EHsc /MT /GS /Gy /fp:precise /Zc:wchar_t /Zc:forScope /Fo"Release\\" /Fd"Release\vc120.pdb" /Gd /TP /analyze- /errorReport:prompt Camera.cpp main.cpp MyDemo.cpp MyPhysicsCentre.cpp MyUtils.cpp MyParticleSystem.cpp ToyMine.cpp
         Camera.cpp
         main.cpp
         MyDemo.cpp
         MyPhysicsCentre.cpp
         MyUtils.cpp
         MyParticleSystem.cpp
         ToyMine.cpp
       Link:
         C:\Program Files (x86)\Microsoft Visual Studio 12.0\VC\bin\link.exe /ERRORREPORT:PROMPT /OUT:"U:\Anim_Sim\BadgerBanging\Release\BadgerBanging.exe" /INCREMENTAL:NO /NOLOGO /LIBPATH:..\external\lib\Win32\v120\Release\ opengl32.lib "toybadger-mt-s.lib" glfw.lib libpng.lib zlib.lib "tsl-vc120-mt-s.lib" "tcf-vc120-mt-s.lib" "tyga-vc120-mt-s.lib" kernel32.lib user32.lib gdi32.lib winspool.lib comdlg32.lib advapi32.lib shell32.lib ole32.lib oleaut32.lib uuid.lib odbc32.lib odbccp32.lib /MANIFEST /MANIFESTUAC:"level='asInvoker' uiAccess='false'" /manifest:embed /DEBUG /PDB:"U:\Anim_Sim\BadgerBanging\Release\BadgerBanging.pdb" /SUBSYSTEM:CONSOLE /OPT:REF /OPT:ICF /LTCG /TLBID:1 /DYNAMICBASE /NXCOMPAT /IMPLIB:"U:\Anim_Sim\BadgerBanging\Release\BadgerBanging.lib" /MACHINE:X86 /SAFESEH Release\Camera.obj
         Release\main.obj
         Release\MyDemo.obj
         Release\MyPhysicsCentre.obj
         Release\MyUtils.obj
         Release\MyParticleSystem.obj
         Release\ToyMine.obj
         Generating code
         Finished generating code
     1>toybadger-mt-s.lib(Badger.obj) : warning LNK4099: PDB 'toybadger-mt-s.pdb' was not found with 'toybadger-mt-s.lib(Badger.obj)' or at 'U:\Anim_Sim\BadgerBanging\Release\toybadger-mt-s.pdb'; linking object as if no debug info
     1>toybadger-mt-s.lib(pugixml.obj) : warning LNK4099: PDB 'toybadger-mt-s.pdb' was not found with 'toybadger-mt-s.lib(pugixml.obj)' or at 'U:\Anim_Sim\BadgerBanging\Release\toybadger-mt-s.pdb'; linking object as if no debug info
     1>toybadger-mt-s.lib(Bloke.obj) : warning LNK4099: PDB 'toybadger-mt-s.pdb' was not found with 'toybadger-mt-s.lib(Bloke.obj)' or at 'U:\Anim_Sim\BadgerBanging\Release\toybadger-mt-s.pdb'; linking object as if no debug info
         BadgerBanging.vcxproj -> U:\Anim_Sim\BadgerBanging\Release\BadgerBanging.exe
       PostBuildEvent:
         copy "U:\Anim_Sim\BadgerBanging\Release\BadgerBanging.exe" "U:\Anim_Sim\BadgerBanging\demo\BadgerBanging.exe"
         :VCEnd
                 1 file(s) copied.
     1>Done Building Project "U:\Anim_Sim\BadgerBanging\BadgerBanging\BadgerBanging.vcxproj" (Build target(s)).

Build succeeded.

Time Elapsed 00:00:19.24
